[2020-12-22 06:12:52] app.ERROR: Data from PrestaShop Addons is invalid, and cannot fallback on cache.  {"exception":"cURL error 28: Operation timed out after 5000 milliseconds with 407971 bytes received"} []
[2020-12-22 06:12:54] app.INFO: Protect vendor folder in module contactform [] []
[2020-12-22 06:12:54] app.INFO: Module contactform has no vendor folder [] []
[2020-12-22 06:12:54] app.INFO: Protect vendor folder in module dashactivity [] []
[2020-12-22 06:12:54] app.INFO: Module dashactivity has no vendor folder [] []
[2020-12-22 06:12:54] app.INFO: Protect vendor folder in module dashgoals [] []
[2020-12-22 06:12:54] app.INFO: Module dashgoals has no vendor folder [] []
[2020-12-22 06:12:54] app.INFO: Protect vendor folder in module dashproducts [] []
[2020-12-22 06:12:54] app.INFO: Module dashproducts has no vendor folder [] []
[2020-12-22 06:12:54] app.INFO: Protect vendor folder in module dashtrends [] []
[2020-12-22 06:12:54] app.INFO: Module dashtrends has no vendor folder [] []
[2020-12-22 06:12:54] app.INFO: Protect vendor folder in module graphnvd3 [] []
[2020-12-22 06:12:55] app.INFO: Module graphnvd3 has no vendor folder [] []
[2020-12-22 06:12:55] app.INFO: Protect vendor folder in module gridhtml [] []
[2020-12-22 06:12:55] app.INFO: Module gridhtml has no vendor folder [] []
[2020-12-22 06:12:55] app.INFO: Protect vendor folder in module gsitemap [] []
[2020-12-22 06:12:55] app.INFO: Module gsitemap has no vendor folder [] []
[2020-12-22 06:12:55] app.INFO: Protect vendor folder in module pagesnotfound [] []
[2020-12-22 06:12:55] app.INFO: Module pagesnotfound has no vendor folder [] []
[2020-12-22 06:12:55] app.INFO: Protect vendor folder in module productcomments [] []
[2020-12-22 06:12:55] app.INFO: Module productcomments has no vendor folder [] []
[2020-12-22 06:12:56] app.INFO: Protect vendor folder in module ps_banner [] []
[2020-12-22 06:12:56] app.INFO: Module ps_banner has no vendor folder [] []
[2020-12-22 06:12:56] app.INFO: Protect vendor folder in module ps_categorytree [] []
[2020-12-22 06:12:56] app.INFO: Module ps_categorytree has no vendor folder [] []
[2020-12-22 06:12:56] app.INFO: Protect vendor folder in module ps_checkpayment [] []
[2020-12-22 06:12:56] app.INFO: Module ps_checkpayment has no vendor folder [] []
[2020-12-22 06:12:56] app.INFO: Protect vendor folder in module ps_contactinfo [] []
[2020-12-22 06:12:56] app.INFO: Module ps_contactinfo has no vendor folder [] []
[2020-12-22 06:12:56] app.INFO: Protect vendor folder in module ps_crossselling [] []
[2020-12-22 06:12:56] app.INFO: Module ps_crossselling has no vendor folder [] []
[2020-12-22 06:12:56] app.INFO: Protect vendor folder in module ps_currencyselector [] []
[2020-12-22 06:12:56] app.INFO: Module ps_currencyselector has no vendor folder [] []
[2020-12-22 06:12:56] app.INFO: Protect vendor folder in module ps_customeraccountlinks [] []
[2020-12-22 06:12:56] app.INFO: Module ps_customeraccountlinks has no vendor folder [] []
[2020-12-22 06:12:56] app.INFO: Protect vendor folder in module ps_customersignin [] []
[2020-12-22 06:12:56] app.INFO: Module ps_customersignin has no vendor folder [] []
[2020-12-22 06:12:57] app.INFO: Protect vendor folder in module ps_customtext [] []
[2020-12-22 06:12:57] app.INFO: Module ps_customtext has no vendor folder [] []
[2020-12-22 06:12:57] app.INFO: Protect vendor folder in module ps_dataprivacy [] []
[2020-12-22 06:12:57] app.INFO: Module ps_dataprivacy has no vendor folder [] []
[2020-12-22 06:12:57] app.INFO: Protect vendor folder in module ps_emailsubscription [] []
[2020-12-22 06:12:57] app.INFO: Module ps_emailsubscription has no vendor folder [] []
[2020-12-22 06:12:58] app.INFO: Protect vendor folder in module ps_facetedsearch [] []
[2020-12-22 06:12:58] app.INFO: Module ps_facetedsearch has no vendor folder [] []
[2020-12-22 06:12:58] app.INFO: Protect vendor folder in module ps_faviconnotificationbo [] []
[2020-12-22 06:12:58] app.INFO: Module ps_faviconnotificationbo has no vendor folder [] []
[2020-12-22 06:12:58] app.INFO: Protect vendor folder in module ps_featuredproducts [] []
[2020-12-22 06:12:58] app.INFO: Module ps_featuredproducts has no vendor folder [] []
[2020-12-22 06:12:59] app.INFO: Protect vendor folder in module ps_imageslider [] []
[2020-12-22 06:12:59] app.INFO: Module ps_imageslider has no vendor folder [] []
[2020-12-22 06:12:59] app.INFO: Protect vendor folder in module ps_languageselector [] []
[2020-12-22 06:12:59] app.INFO: Module ps_languageselector has no vendor folder [] []
[2020-12-22 06:12:59] app.INFO: Protect vendor folder in module ps_linklist [] []
[2020-12-22 06:12:59] app.INFO: Module ps_linklist has no vendor folder [] []
[2020-12-22 06:12:59] app.ERROR: Cannot register tab "AdminLinkWidget" because it already exists [] []
[2020-12-22 06:13:00] app.INFO: Protect vendor folder in module ps_mainmenu [] []
[2020-12-22 06:13:00] app.INFO: Module ps_mainmenu has no vendor folder [] []
[2020-12-22 06:13:00] app.INFO: Protect vendor folder in module ps_searchbar [] []
[2020-12-22 06:13:00] app.INFO: Module ps_searchbar has no vendor folder [] []
[2020-12-22 06:13:00] app.INFO: Protect vendor folder in module ps_sharebuttons [] []
[2020-12-22 06:13:00] app.INFO: Module ps_sharebuttons has no vendor folder [] []
[2020-12-22 06:13:00] app.INFO: Protect vendor folder in module ps_shoppingcart [] []
[2020-12-22 06:13:00] app.INFO: Module ps_shoppingcart has no vendor folder [] []
[2020-12-22 06:13:00] app.INFO: Protect vendor folder in module ps_socialfollow [] []
[2020-12-22 06:13:00] app.INFO: Module ps_socialfollow has no vendor folder [] []
[2020-12-22 06:13:00] app.INFO: Protect vendor folder in module ps_themecusto [] []
[2020-12-22 06:13:00] app.INFO: Module ps_themecusto has no vendor folder [] []
[2020-12-22 06:13:00] app.INFO: Protect vendor folder in module ps_wirepayment [] []
[2020-12-22 06:13:00] app.INFO: Module ps_wirepayment has no vendor folder [] []
[2020-12-22 06:13:00] app.INFO: Protect vendor folder in module sekeywords [] []
[2020-12-22 06:13:00] app.INFO: Module sekeywords has no vendor folder [] []
[2020-12-22 06:13:01] app.INFO: Protect vendor folder in module statsbestcategories [] []
[2020-12-22 06:13:01] app.INFO: Module statsbestcategories has no vendor folder [] []
[2020-12-22 06:13:01] app.INFO: Protect vendor folder in module statsbestcustomers [] []
[2020-12-22 06:13:01] app.INFO: Module statsbestcustomers has no vendor folder [] []
[2020-12-22 06:13:01] app.INFO: Protect vendor folder in module statsbestproducts [] []
[2020-12-22 06:13:01] app.INFO: Module statsbestproducts has no vendor folder [] []
[2020-12-22 06:13:01] app.INFO: Protect vendor folder in module statsbestsuppliers [] []
[2020-12-22 06:13:01] app.INFO: Module statsbestsuppliers has no vendor folder [] []
[2020-12-22 06:13:01] app.INFO: Protect vendor folder in module statsbestvouchers [] []
[2020-12-22 06:13:01] app.INFO: Module statsbestvouchers has no vendor folder [] []
[2020-12-22 06:13:01] app.INFO: Protect vendor folder in module statscarrier [] []
[2020-12-22 06:13:01] app.INFO: Module statscarrier has no vendor folder [] []
[2020-12-22 06:13:01] app.INFO: Protect vendor folder in module statscatalog [] []
[2020-12-22 06:13:01] app.INFO: Module statscatalog has no vendor folder [] []
[2020-12-22 06:13:01] app.INFO: Protect vendor folder in module statscheckup [] []
[2020-12-22 06:13:01] app.INFO: Module statscheckup has no vendor folder [] []
[2020-12-22 06:13:01] app.INFO: Protect vendor folder in module statsdata [] []
[2020-12-22 06:13:01] app.INFO: Module statsdata has no vendor folder [] []
[2020-12-22 06:13:01] app.INFO: Protect vendor folder in module statsequipment [] []
[2020-12-22 06:13:01] app.INFO: Module statsequipment has no vendor folder [] []
[2020-12-22 06:13:01] app.INFO: Protect vendor folder in module statsforecast [] []
[2020-12-22 06:13:01] app.INFO: Module statsforecast has no vendor folder [] []
[2020-12-22 06:13:01] app.INFO: Protect vendor folder in module statslive [] []
[2020-12-22 06:13:01] app.INFO: Module statslive has no vendor folder [] []
[2020-12-22 06:13:01] app.INFO: Protect vendor folder in module statsnewsletter [] []
[2020-12-22 06:13:01] app.INFO: Module statsnewsletter has no vendor folder [] []
[2020-12-22 06:13:01] app.INFO: Protect vendor folder in module statsorigin [] []
[2020-12-22 06:13:01] app.INFO: Module statsorigin has no vendor folder [] []
[2020-12-22 06:13:01] app.INFO: Protect vendor folder in module statspersonalinfos [] []
[2020-12-22 06:13:01] app.INFO: Module statspersonalinfos has no vendor folder [] []
[2020-12-22 06:13:01] app.INFO: Protect vendor folder in module statsproduct [] []
[2020-12-22 06:13:01] app.INFO: Module statsproduct has no vendor folder [] []
[2020-12-22 06:13:02] app.INFO: Protect vendor folder in module statsregistrations [] []
[2020-12-22 06:13:02] app.INFO: Module statsregistrations has no vendor folder [] []
[2020-12-22 06:13:02] app.INFO: Protect vendor folder in module statssales [] []
[2020-12-22 06:13:02] app.INFO: Module statssales has no vendor folder [] []
[2020-12-22 06:13:02] app.INFO: Protect vendor folder in module statssearch [] []
[2020-12-22 06:13:02] app.INFO: Module statssearch has no vendor folder [] []
[2020-12-22 06:13:02] app.INFO: Protect vendor folder in module statsstock [] []
[2020-12-22 06:13:02] app.INFO: Module statsstock has no vendor folder [] []
[2020-12-22 06:13:02] app.INFO: Protect vendor folder in module statsvisits [] []
[2020-12-22 06:13:02] app.INFO: Module statsvisits has no vendor folder [] []
[2020-12-22 06:13:02] app.INFO: Protect vendor folder in module welcome [] []
[2020-12-22 06:13:02] app.INFO: Module welcome has no vendor folder [] []
[2020-12-22 06:13:05] app.INFO: Exporting mail with theme modern for language Espa単ol (Spanish) [] []
[2020-12-22 06:13:05] app.INFO: Core output folder: C:\xampp\htdocs\prestashop/mails [] []
[2020-12-22 06:13:05] app.INFO: Modules output folder: C:\xampp\htdocs\prestashop/modules/ [] []
[2020-12-22 06:13:08] app.INFO: Exporting mail with theme modern for language Espa単ol MX (Spanish) [] []
[2020-12-22 06:13:08] app.INFO: Core output folder: C:\xampp\htdocs\prestashop/mails [] []
[2020-12-22 06:13:08] app.INFO: Modules output folder: C:\xampp\htdocs\prestashop/modules/ [] []
[2020-12-22 06:15:08] app.ERROR: Data from PrestaShop Addons is invalid, and cannot fallback on cache.  {"exception":"cURL error 28: Operation timed out after 5000 milliseconds with 407699 bytes received"} []
[2020-12-22 06:15:09] app.INFO: Protect vendor folder in module gamification [] []
[2020-12-22 06:15:09] app.INFO: Protect vendor folder in module emarketing [] []
[2020-12-22 06:15:09] app.INFO: Protect vendor folder in module psaddonsconnect [] []
[2020-12-22 06:15:10] app.INFO: Protect vendor folder in module psgdpr [] []
[2020-12-22 06:15:10] app.INFO: Protect vendor folder in module ps_mbo [] []
[2020-12-22 06:15:10] app.INFO: Protect vendor folder in module ps_buybuttonlite [] []
[2020-12-22 06:15:17] app.INFO: Exporting mail with theme modern for language Espa単ol (Spanish) [] []
[2020-12-22 06:15:17] app.INFO: Core output folder: C:\xampp\htdocs\prestashop/mails [] []
[2020-12-22 06:15:17] app.INFO: Modules output folder: C:\xampp\htdocs\prestashop/modules/ [] []
[2020-12-22 06:15:22] app.INFO: Exporting mail with theme modern for language Espa単ol MX (Spanish) [] []
[2020-12-22 06:15:22] app.INFO: Core output folder: C:\xampp\htdocs\prestashop/mails [] []
[2020-12-22 06:15:22] app.INFO: Modules output folder: C:\xampp\htdocs\prestashop/modules/ [] []
[2020-12-22 06:17:00] app.ERROR: Data from PrestaShop Addons is invalid, and cannot fallback on cache.  {"exception":"cURL error 28: Operation timed out after 5000 milliseconds with 391596 bytes received"} []
[2020-12-22 06:17:02] app.INFO: Protect vendor folder in module ps_facetedsearch [] []
[2020-12-22 06:17:02] app.INFO: Module ps_facetedsearch has no vendor folder [] []
[2020-12-22 06:28:06] request.INFO: Matched route "admin_module_manage". {"route":"admin_module_manage","route_parameters":{"category":null,"keyword":null,"_controller":"PrestaShopBundle\\Controller\\Admin\\Improve\\ModuleController::manageAction","_legacy_controller":"AdminModulesManage","_legacy_link":["AdminModulesManage","AdminModulesSf"],"_route":"admin_module_manage"},"request_uri":"http://localhost/prestashop/admin234gupekt/index.php/improve/modules/manage?_token=drSv0mvcXsusVrf9SoXAF9ah8X1mn98kcmUV3zCaB4E","method":"GET"} []
[2020-12-22 06:28:06] security.DEBUG: Read existing security token from the session. {"key":"_security_main","token_class":"Symfony\\Component\\Security\\Core\\Authentication\\Token\\UsernamePasswordToken"} []
[2020-12-22 06:28:06] security.DEBUG: User was reloaded from a user provider. {"provider":"PrestaShopBundle\\Security\\Admin\\EmployeeProvider","username":"cesar_abel12@hotmail.com"} []
[2020-12-22 06:28:12] app.ERROR: Data from PrestaShop Addons is invalid, and cannot fallback on cache.  {"exception":"cURL error 28: Operation timed out after 5000 milliseconds with 425211 bytes received"} []
[2020-12-22 06:28:15] security.DEBUG: Stored the security token in the session. {"key":"_security_main"} []
[2020-12-22 06:30:33] request.INFO: Matched route "admin_module_configure_action". {"route":"admin_module_configure_action","route_parameters":{"_controller":"PrestaShopBundle\\Controller\\Admin\\Improve\\ModuleController::configureModuleAction","_legacy_controller":"AdminModules","module_name":"stcustomcode","_route":"admin_module_configure_action"},"request_uri":"http://localhost/prestashop/admin234gupekt/index.php/improve/modules/manage/action/configure/stcustomcode?_token=drSv0mvcXsusVrf9SoXAF9ah8X1mn98kcmUV3zCaB4E","method":"GET"} []
[2020-12-22 06:30:33] security.DEBUG: Read existing security token from the session. {"key":"_security_main","token_class":"Symfony\\Component\\Security\\Core\\Authentication\\Token\\UsernamePasswordToken"} []
[2020-12-22 06:30:33] security.DEBUG: User was reloaded from a user provider. {"provider":"PrestaShopBundle\\Security\\Admin\\EmployeeProvider","username":"cesar_abel12@hotmail.com"} []
[2020-12-22 06:30:38] app.ERROR: Data from PrestaShop Addons is invalid, and cannot fallback on cache.  {"exception":"cURL error 28: Operation timed out after 5000 milliseconds with 408827 bytes received"} []
[2020-12-22 06:30:38] security.DEBUG: Stored the security token in the session. {"key":"_security_main"} []
[2020-12-22 06:57:58] request.CRITICAL: Uncaught PHP Exception SmartyException: "unable to write file C:\xampp\htdocs\prestashop\var\cache\prod\smarty\compile\10\55\bb\1055bbd821a5c4851859a939d0302b5b7ae127eb_0.file.login_addons.tpl.php" at C:\xampp\htdocs\prestashop\vendor\smarty\smarty\libs\sysplugins\smarty_internal_runtime_writefile.php line 90 {"exception":"[object] (SmartyException(code: 0): unable to write file C:\\xampp\\htdocs\\prestashop\\var\\cache\\prod\\smarty\\compile\\10\\55\\bb\\1055bbd821a5c4851859a939d0302b5b7ae127eb_0.file.login_addons.tpl.php at C:\\xampp\\htdocs\\prestashop\\vendor\\smarty\\smarty\\libs\\sysplugins\\smarty_internal_runtime_writefile.php:90)"} []
[2020-12-22 07:16:19] request.CRITICAL: Uncaught PHP Exception SmartyException: "unable to write file C:\xampp\htdocs\prestashop\var\cache\prod\smarty\compile\10\55\bb\1055bbd821a5c4851859a939d0302b5b7ae127eb_0.file.login_addons.tpl.php" at C:\xampp\htdocs\prestashop\vendor\smarty\smarty\libs\sysplugins\smarty_internal_runtime_writefile.php line 90 {"exception":"[object] (SmartyException(code: 0): unable to write file C:\\xampp\\htdocs\\prestashop\\var\\cache\\prod\\smarty\\compile\\10\\55\\bb\\1055bbd821a5c4851859a939d0302b5b7ae127eb_0.file.login_addons.tpl.php at C:\\xampp\\htdocs\\prestashop\\vendor\\smarty\\smarty\\libs\\sysplugins\\smarty_internal_runtime_writefile.php:90)"} []
[2020-12-22 07:39:59] request.CRITICAL: Uncaught PHP Exception SmartyException: "Invalid compiled template for 'controllers/modules/login_addons.tpl'" at C:\xampp\htdocs\prestashop\vendor\smarty\smarty\libs\sysplugins\smarty_template_resource_base.php line 116 {"exception":"[object] (SmartyException(code: 0): Invalid compiled template for 'controllers/modules/login_addons.tpl' at C:\\xampp\\htdocs\\prestashop\\vendor\\smarty\\smarty\\libs\\sysplugins\\smarty_template_resource_base.php:116)"} []
